09/16/20, 15:01:40, 4, 0, D:\LKP APLPENJUALAN\APPPENJUALAN\APPPENJUALAN\APPPENJUALAN\bin\Debug\LaporanHarian.rpt:This field name is not known.
09/16/20, 15:02:54, 4, 0, D:\LKP APLPENJUALAN\APPPENJUALAN\APPPENJUALAN\APPPENJUALAN\bin\Debug\LaporanHarian.rpt:This field name is not known.
09/16/20, 15:04:31, 4, 0, D:\LKP APLPENJUALAN\APPPENJUALAN\APPPENJUALAN\APPPENJUALAN\bin\Debug\LaporanHarian.rpt:This field name is not known.
09/16/20, 15:05:00, 4, 0, D:\LKP APLPENJUALAN\APPPENJUALAN\APPPENJUALAN\APPPENJUALAN\bin\Debug\LaporanHarian.rpt:This field name is not known.
09/16/20, 15:08:35, 4, 0, D:\LKP APLPENJUALAN\APPPENJUALAN\APPPENJUALAN\APPPENJUALAN\bin\Debug\LaporanHarian.rpt:This field name is not known.
09/16/20, 15:09:34, 4, 0, D:\LKP APLPENJUALAN\APPPENJUALAN\APPPENJUALAN\APPPENJUALAN\bin\Debug\LaporanHarian.rpt:This field name is not known.
09/16/20, 15:12:13, 4, 0, D:\LKP APLPENJUALAN\APPPENJUALAN\APPPENJUALAN\APPPENJUALAN\bin\Debug\LaporanHarian.rpt:This field name is not known.
09/16/20, 15:15:23, 4, 0, D:\LKP APLPENJUALAN\APPPENJUALAN\APPPENJUALAN\APPPENJUALAN\bin\Debug\LaporanHarian.rpt:This field name is not known.
09/16/20, 15:19:21, 4, 0, D:\LKP APLPENJUALAN\APPPENJUALAN\APPPENJUALAN\APPPENJUALAN\bin\Debug\LaporanHarian.rpt:This field name is not known.
09/16/20, 15:21:41, 4, 0, :File not found.
09/16/20, 15:21:41, 4, 0, :File not found.
09/16/20, 15:24:07, 4, 0, :File not found.
09/16/20, 15:24:07, 4, 0, :File not found.
09/16/20, 15:24:47, 4, 0, :File not found.
09/16/20, 15:24:47, 4, 0, :File not found.
09/16/20, 15:25:32, 4, 0, :File not found.
09/16/20, 15:25:51, 4, 0, :File not found.
09/16/20, 15:25:51, 4, 0, :File not found.
09/16/20, 15:28:09, 4, 0, :File not found.
09/16/20, 15:28:09, 4, 0, :File not found.
09/16/20, 15:32:28, 4, 0, D:\LKP APLPENJUALAN\APPPENJUALAN\APPPENJUALAN\APPPENJUALAN\bin\Debug\LaporanPenjualanHarian.rpt:This field name is not known.
09/16/20, 15:33:45, 4, 0, D:\LKP APLPENJUALAN\APPPENJUALAN\APPPENJUALAN\APPPENJUALAN\bin\Debug\LaporanPenjualanHarian.rpt:This field name is not known.
09/16/20, 15:34:16, 4, 0, D:\LKP APLPENJUALAN\APPPENJUALAN\APPPENJUALAN\APPPENJUALAN\bin\Debug\LaporanPenjualanHarian.rpt:This field name is not known.
09/16/20, 15:37:37, 4, 0, D:\LKP APLPENJUALAN\APPPENJUALAN\APPPENJUALAN\APPPENJUALAN\bin\Debug\LaporanPenjualanHarian.rpt:This field name is not known.
09/16/20, 15:39:09, 4, 0, D:\LKP APLPENJUALAN\APPPENJUALAN\APPPENJUALAN\APPPENJUALAN\bin\Debug\LaporanPenjualanHarian.rpt:This field name is not known.
09/16/20, 15:39:25, 4, 0, D:\LKP APLPENJUALAN\APPPENJUALAN\APPPENJUALAN\APPPENJUALAN\bin\Debug\LaporanPenjualanHarian.rpt:This field name is not known.
09/16/20, 15:42:36, 4, 0, :File not found.
09/16/20, 15:42:36, 4, 0, :File not found.
09/16/20, 15:44:13, 4, 0, D:\LKP APLPENJUALAN\APPPENJUALAN\APPPENJUALAN\APPPENJUALAN\bin\Debug\laporanpenjualanharian.rpt:This field name is not known.
09/16/20, 15:54:26, 4, 0, D:\LKP APLPENJUALAN\APPPENJUALAN\APPPENJUALAN\APPPENJUALAN\bin\Debug\laporanpenjualanharian.rpt:This field name is not known.
09/16/20, 16:02:21, 4, 0, D:\LKP APLPENJUALAN\APPPENJUALAN\APPPENJUALAN\APPPENJUALAN\bin\Debug\laporanpenjualanharian.rpt:This field name is not known.
09/16/20, 16:04:21, 4, 0, D:\LKP APLPENJUALAN\APPPENJUALAN\APPPENJUALAN\APPPENJUALAN\bin\Debug\laporanpenjualanharian.rpt:This field name is not known.
09/16/20, 16:11:59, 4, 0, D:\LKP APLPENJUALAN\APPPENJUALAN\APPPENJUALAN\APPPENJUALAN\bin\Debug\laporanpenjualanharian.rpt:This field name is not known.
09/16/20, 16:14:58, 4, 0, D:\LKP APLPENJUALAN\APPPENJUALAN\APPPENJUALAN\APPPENJUALAN\bin\Debug\laporanpenjualanharian.rpt:This field name is not known.
09/16/20, 16:18:14, 4, 0, D:\LKP APLPENJUALAN\APPPENJUALAN\APPPENJUALAN\APPPENJUALAN\bin\Debug\laporanpenjualanharian.rpt:This field name is not known.
09/16/20, 16:18:15, 4, 0, D:\LKP APLPENJUALAN\APPPENJUALAN\APPPENJUALAN\APPPENJUALAN\bin\Debug\laporanpenjualanharian.rpt:This field name is not known.
09/16/20, 16:18:18, 4, 0, D:\LKP APLPENJUALAN\APPPENJUALAN\APPPENJUALAN\APPPENJUALAN\bin\Debug\laporanpenjualanharian.rpt:This field name is not known.
09/16/20, 16:21:19, 4, 0, D:\LKP APLPENJUALAN\APPPENJUALAN\APPPENJUALAN\APPPENJUALAN\bin\Debug\laporanpenjualanharian.rpt:This field name is not known.
09/16/20, 16:21:34, 4, 0, D:\LKP APLPENJUALAN\APPPENJUALAN\APPPENJUALAN\APPPENJUALAN\bin\Debug\laporanpenjualanharian.rpt:This field name is not known.
09/16/20, 16:21:58, 4, 0, D:\LKP APLPENJUALAN\APPPENJUALAN\APPPENJUALAN\APPPENJUALAN\bin\Debug\laporanharian.rpt:This field name is not known.
09/16/20, 16:23:08, 4, 0, D:\LKP APLPENJUALAN\APPPENJUALAN\APPPENJUALAN\APPPENJUALAN\bin\Debug\laporanharian.rpt:This field name is not known.
09/16/20, 16:23:21, 4, 0, D:\LKP APLPENJUALAN\APPPENJUALAN\APPPENJUALAN\APPPENJUALAN\bin\Debug\laporanharian.rpt:This field name is not known.
09/16/20, 17:17:32, 4, 0, D:\LKP APLPENJUALAN\APPPENJUALAN\APPPENJUALAN\APPPENJUALAN\bin\Debug\laporanharian.rpt:This field name is not known.
09/16/20, 17:20:49, 4, 0, D:\LKP APLPENJUALAN\APPPENJUALAN\APPPENJUALAN\APPPENJUALAN\bin\Debug\laporanharian.rpt:This field name is not known.
09/16/20, 17:33:26, 4, 0, D:\LKP APLPENJUALAN\APPPENJUALAN\APPPENJUALAN\APPPENJUALAN\bin\Debug\laporanharian.rpt:This field name is not known.
09/16/20, 17:33:42, 4, 0, D:\LKP APLPENJUALAN\APPPENJUALAN\APPPENJUALAN\APPPENJUALAN\bin\Debug\laporanharian.rpt:This field name is not known.
09/16/20, 17:35:07, 4, 0, D:\LKP APLPENJUALAN\APPPENJUALAN\APPPENJUALAN\APPPENJUALAN\bin\Debug\laporanharian.rpt:This field name is not known.
09/16/20, 18:40:15, 4, 0, D:\LKP APLPENJUALAN\APPPENJUALAN\APPPENJUALAN\APPPENJUALAN\bin\Debug\laporanharian.rpt:This field name is not known.
09/16/20, 20:04:49, 4, 0, D:\LKP APLPENJUALAN\APPPENJUALAN\APPPENJUALAN\APPPENJUALAN\bin\Debug\laporanbulanan.rpt:The remaining text does not appear to be part of the formula.
09/16/20, 20:10:25, 4, 0, D:\LKP APLPENJUALAN\APPPENJUALAN\APPPENJUALAN\APPPENJUALAN\bin\Debug\laporanbulanan.rpt:The remaining text does not appear to be part of the formula.
09/16/20, 20:11:41, 4, 0, D:\LKP APLPENJUALAN\APPPENJUALAN\APPPENJUALAN\APPPENJUALAN\bin\Debug\laporanbulanan.rpt:The remaining text does not appear to be part of the formula.
09/16/20, 20:12:23, 4, 0, D:\LKP APLPENJUALAN\APPPENJUALAN\APPPENJUALAN\APPPENJUALAN\bin\Debug\laporanbulanan.rpt:The remaining text does not appear to be part of the formula.
09/17/20, 12:00:22, 4, 0, D:\LKP APLPENJUALAN\APPPENJUALAN\APPPENJUALAN\APPPENJUALAN\bin\Debug\laporanMingguan.rpt:The ) is missing.
09/17/20, 12:47:43, 4, 0, D:\LKP APLPENJUALAN\APPPENJUALAN\APPPENJUALAN\APPPENJUALAN\bin\Debug\laporanMingguan.rpt:The ) is missing.
09/19/20, 19:26:06, 4, 0, D:\LKP APLPENJUALAN\APPPENJUALAN1\APPPENJUALAN\APPPENJUALAN\bin\Debug\laporanMingguan.rpt:A date range is required here.
09/19/20, 19:26:37, 4, 0, D:\LKP APLPENJUALAN\APPPENJUALAN1\APPPENJUALAN\APPPENJUALAN\bin\Debug\laporanMingguan.rpt:A date range is required here.
09/19/20, 19:27:49, 4, 0, :File not found.
09/19/20, 19:27:49, 4, 0, :File not found.
07/02/21, 08:44:04, 4, 0, E:\Lkp\APPPENJUALAN1\APPPENJUALAN\APPPENJUALAN\bin\Debug\notapenjualan.rpt:Server has not yet been opened.
07/02/21, 08:45:44, 4, 0, E:\Lkp\APPPENJUALAN1\APPPENJUALAN\APPPENJUALAN\bin\Debug\laporanharian.rpt:Server has not yet been opened.
07/15/21, 22:38:39, 4, 0, E:\Lkp\APPPENJUALAN1\APPPENJUALAN\APPPENJUALAN\bin\Debug\laporanharian.rpt:Server has not yet been opened.
07/15/21, 22:56:01, 4, 0, E:\Lkp\APPPENJUALAN1\APPPENJUALAN\APPPENJUALAN\bin\Debug\Lapdataadmin.rpt:Server has not yet been opened.
08/05/21, 00:24:24, 4, 0, E:\Lkp\APPPENJUALAN1\APPPENJUALAN\APPPENJUALAN\bin\Debug\notapenjualan.rpt:Server has not yet been opened.
08/05/21, 01:15:05, 4, 0, E:\Lkp\APPPENJUALAN1\APPPENJUALAN\APPPENJUALAN\bin\Debug\Lapdataadmin.rpt:Server has not yet been opened.
08/05/21, 01:19:04, 4, 0, E:\Lkp\APPPENJUALAN1\APPPENJUALAN\APPPENJUALAN\bin\Debug\Lapdataadmin.rpt:Server has not yet been opened.
08/05/21, 02:46:58, 4, 0, E:\Lkp\APPPENJUALAN1\APPPENJUALAN\APPPENJUALAN\bin\Debug\Lapdatapelanggan.rpt:Server has not yet been opened.
08/05/21, 03:10:51, 4, 0, E:\Lkp\APPPENJUALAN1\APPPENJUALAN\APPPENJUALAN\bin\Debug\Lapdataadmin.rpt:Server has not yet been opened.
08/05/21, 03:39:03, 4, 0, E:\Lkp\APPPENJUALAN1\APPPENJUALAN\APPPENJUALAN\bin\Debug\Lapdataadmin.rpt:Server has not yet been opened.
08/05/21, 03:41:01, 4, 0, E:\Lkp\APPPENJUALAN1\APPPENJUALAN\APPPENJUALAN\bin\Debug\Lapdataadmin.rpt:Server has not yet been opened.
08/05/21, 04:37:47, 4, 0, E:\Lkp\APPPENJUALAN1\APPPENJUALAN\APPPENJUALAN\bin\Debug\Lapdataadmin.rpt:Server has not yet been opened.
08/05/21, 04:40:23, 4, 0, E:\Lkp\APPPENJUALAN1\APPPENJUALAN\APPPENJUALAN\bin\Debug\Lapdataadmin.rpt:Server has not yet been opened.
08/05/21, 09:39:53, 4, 0, E:\Lkp\APPPENJUALAN1\APPPENJUALAN\APPPENJUALAN\bin\Debug\Lapdataadmin.rpt:Server has not yet been opened.
08/05/21, 09:43:48, 4, 0, E:\Lkp\APPPENJUALAN1\APPPENJUALAN\APPPENJUALAN\bin\Debug\Lapdataadmin.rpt:Server has not yet been opened.
08/05/21, 20:43:14, 4, 0, E:\Lkp\APPPENJUALAN1\APPPENJUALAN\APPPENJUALAN\bin\Debug\Lapdataadmin.rpt:Server has not yet been opened.
08/05/21, 20:44:54, 4, 0, E:\Lkp\APPPENJUALAN1\APPPENJUALAN\APPPENJUALAN\bin\Debug\Lapdataadmin.rpt:Server has not yet been opened.
08/05/21, 20:47:03, 4, 0, E:\Lkp\APPPENJUALAN1\APPPENJUALAN\APPPENJUALAN\bin\Debug\Lapdataadmin.rpt:Server has not yet been opened.
08/08/21, 20:18:57, 4, 0, E:\Lkp\APPPENJUALAN1\APPPENJUALAN\APPPENJUALAN\bin\Debug\notapenjualan.rpt:Server has not yet been opened.
08/08/21, 20:22:18, 4, 0, E:\Lkp\APPPENJUALAN1\APPPENJUALAN\APPPENJUALAN\bin\Debug\notapenjualan.rpt:Server has not yet been opened.
08/08/21, 20:23:30, 4, 0, E:\Lkp\APPPENJUALAN1\APPPENJUALAN\APPPENJUALAN\bin\Debug\notapenjualan.rpt:Server has not yet been opened.
08/08/21, 22:41:11, 4, 0, E:\Lkp\APPPENJUALAN1\APPPENJUALAN\APPPENJUALAN\bin\Debug\notapenjualan.rpt:Server has not yet been opened.
08/08/21, 23:08:09, 4, 0, E:\Lkp\APPPENJUALAN1\APPPENJUALAN\APPPENJUALAN\bin\Debug\Lapdataadmin.rpt:Server has not yet been opened.
08/27/21, 03:27:28, 4, 0, E:\Lkp\APPPENJUALAN1\APPPENJUALAN\APPPENJUALAN\bin\Debug\notapenjualan.rpt:Server has not yet been opened.
09/01/21, 20:48:57, 4, 0, E:\Lkp\APPPENJUALAN1\APPPENJUALAN\APPPENJUALAN\bin\Debug\notapenjualan.rpt:Server has not yet been opened.
09/01/21, 20:50:19, 4, 0, E:\Lkp\APPPENJUALAN1\APPPENJUALAN\APPPENJUALAN\bin\Debug\notapenjualan.rpt:Server has not yet been opened.
09/01/21, 20:53:37, 4, 0, E:\Lkp\APPPENJUALAN1\APPPENJUALAN\APPPENJUALAN\bin\Debug\Lapdataadmin.rpt:Server has not yet been opened.
09/02/21, 08:38:49, 4, 0, E:\Lkp\APPPENJUALAN1\APPPENJUALAN\APPPENJUALAN\bin\Debug\notapenjualan.rpt:Server has not yet been opened.
09/02/21, 08:42:28, 4, 0, E:\Lkp\APPPENJUALAN1\APPPENJUALAN\APPPENJUALAN\bin\Debug\Lapdataadmin.rpt:Server has not yet been opened.
09/02/21, 08:47:35, 4, 0, E:\Lkp\APPPENJUALAN1\APPPENJUALAN\APPPENJUALAN\bin\Debug\Lapdataadmin.rpt:Server has not yet been opened.
09/02/21, 09:05:06, 4, 0, E:\Lkp\APPPENJUALAN1\APPPENJUALAN\APPPENJUALAN\bin\Debug\lapdataadmin.rpt:Server has not yet been opened.
09/02/21, 09:10:15, 4, 0, E:\Lkp\APPPENJUALAN1\APPPENJUALAN\APPPENJUALAN\bin\Debug\lapdataadmin.rpt:Server has not yet been opened.
09/02/21, 20:52:40, 4, 0, E:\Lkp\APPPENJUALAN1\APPPENJUALAN\APPPENJUALAN\bin\Debug\lapdataadmin.rpt:Server has not yet been opened.
09/02/21, 20:53:18, 4, 0, E:\Lkp\APPPENJUALAN1\APPPENJUALAN\APPPENJUALAN\bin\Debug\lapdatapelanggan.rpt:Server has not yet been opened.
09/02/21, 21:06:10, 4, 0, E:\Lkp\APPPENJUALAN1\APPPENJUALAN\APPPENJUALAN\bin\Debug\lapdataadmin.rpt:Server has not yet been opened.
09/02/21, 23:49:51, 4, 0, E:\Lkp\APPPENJUALAN1\APPPENJUALAN\APPPENJUALAN\bin\Debug\lapdataadmin.rpt:Server has not yet been opened.
09/02/21, 23:49:59, 4, 0, E:\Lkp\APPPENJUALAN1\APPPENJUALAN\APPPENJUALAN\bin\Debug\lapdatabarang.rpt:Server has not yet been opened.
09/02/21, 23:56:13, 4, 0, E:\Lkp\APPPENJUALAN1\APPPENJUALAN\APPPENJUALAN\bin\Debug\lapdataadmin.rpt:Server has not yet been opened.
09/02/21, 23:59:00, 4, 0, E:\Lkp\APPPENJUALAN1\APPPENJUALAN\APPPENJUALAN\bin\Debug\lapdataadmin.rpt:Server has not yet been opened.
09/03/21, 02:36:30, 4, 0, E:\Lkp\APPPENJUALAN1\APPPENJUALAN\APPPENJUALAN\bin\Debug\lapdatapelanggan.rpt:Server has not yet been opened.
09/03/21, 02:38:41, 4, 0, E:\Lkp\APPPENJUALAN1\APPPENJUALAN\APPPENJUALAN\bin\Debug\lapdataadmin.rpt:Server has not yet been opened.
09/03/21, 02:40:08, 4, 0, E:\Lkp\APPPENJUALAN1\APPPENJUALAN\APPPENJUALAN\bin\Debug\lapdataadmin.rpt:Server has not yet been opened.
09/03/21, 02:51:59, 4, 0, E:\Lkp\APPPENJUALAN1\APPPENJUALAN\APPPENJUALAN\bin\Debug\lapdataadmin.rpt:Server has not yet been opened.
09/03/21, 03:00:19, 4, 0, E:\Lkp\APPPENJUALAN1\APPPENJUALAN\APPPENJUALAN\bin\Debug\lapdataadmin.rpt:Server has not yet been opened.
09/03/21, 03:02:11, 4, 0, E:\Lkp\APPPENJUALAN1\APPPENJUALAN\APPPENJUALAN\bin\Debug\notapenjualan.rpt:Server has not yet been opened.
09/03/21, 03:06:45, 4, 0, E:\Lkp\APPPENJUALAN1\APPPENJUALAN\APPPENJUALAN\bin\Debug\lapdataadmin.rpt:Server has not yet been opened.
09/03/21, 03:15:09, 4, 0, E:\Lkp\APPPENJUALAN1\APPPENJUALAN\APPPENJUALAN\bin\Debug\lapdataadmin.rpt:Server has not yet been opened.
09/03/21, 03:46:55, 4, 0, E:\Lkp\APPPENJUALAN1\APPPENJUALAN\APPPENJUALAN\bin\Debug\lapdataadmin.rpt:Server has not yet been opened.
09/03/21, 03:47:26, 4, 0, E:\Lkp\APPPENJUALAN1\APPPENJUALAN\APPPENJUALAN\bin\Debug\lapdataadmin.rpt:Server has not yet been opened.
09/03/21, 04:11:19, 4, 0, E:\Lkp\APPPENJUALAN1\APPPENJUALAN\APPPENJUALAN\bin\Debug\lapdataadmin.rpt:Server has not yet been opened.
09/03/21, 04:12:03, 4, 0, E:\Lkp\APPPENJUALAN1\APPPENJUALAN\APPPENJUALAN\bin\Debug\lapdataadmin.rpt:Server has not yet been opened.
09/03/21, 04:14:10, 4, 0, E:\Lkp\APPPENJUALAN1\APPPENJUALAN\APPPENJUALAN\bin\Debug\lapdataadmin.rpt:Server has not yet been opened.
09/03/21, 04:15:46, 4, 0, E:\Lkp\APPPENJUALAN1\APPPENJUALAN\APPPENJUALAN\bin\Debug\lapdataadmin.rpt:Server has not yet been opened.
09/03/21, 04:15:48, 4, 0, E:\Lkp\APPPENJUALAN1\APPPENJUALAN\APPPENJUALAN\bin\Debug\lapdataadmin.rpt:Server has not yet been opened.
09/03/21, 04:34:45, 4, 0, E:\Lkp\APPPENJUALAN1\APPPENJUALAN\APPPENJUALAN\bin\Debug\lapdataadmin.rpt:Server has not yet been opened.
09/05/21, 20:28:41, 4, 0, E:\Lkp\APPPENJUALAN1\APPPENJUALAN\APPPENJUALAN\bin\Debug\lapdataadmin.rpt:Server has not yet been opened.
09/05/21, 20:32:43, 4, 0, E:\Lkp\APPPENJUALAN1\APPPENJUALAN\APPPENJUALAN\bin\Debug\lapdataadmin.rpt:Server has not yet been opened.
09/05/21, 20:34:03, 4, 0, E:\Lkp\APPPENJUALAN1\APPPENJUALAN\APPPENJUALAN\bin\Debug\notapenjualan.rpt:Server has not yet been opened.
09/05/21, 20:36:18, 4, 0, E:\Lkp\APPPENJUALAN1\APPPENJUALAN\APPPENJUALAN\bin\Debug\lapdataadmin.rpt:Server has not yet been opened.
